<?xml version="1.0" encoding="UTF-8"?>
<!-- Generated by org.testng.reporters.JUnitXMLReporter -->
<testsuite ignored="0" hostname="Dell" failures="0" tests="1" name="Firefox" time="16.937" errors="0" timestamp="2022-09-30T17:11:03 IST">
  <testcase classname="testFacebook.TestNG1" name="@BeforeMethod OpenRoomsPage" time="7.731">
    <failure type="java.io.FileNotFoundException" message="C:\Users\Onyx\Desktop\NewProgrmExel.xlsx (The system cannot find the file specified)">
      <![CDATA[java.io.FileNotFoundException: C:\Users\Onyx\Desktop\NewProgrmExel.xlsx (The system cannot find the file specified)
at java.base/java.io.FileInputStream.open0(Native Method)
at java.base/java.io.FileInputStream.open(FileInputStream.java:216)
at java.base/java.io.FileInputStream.<init>(FileInputStream.java:157)
at java.base/java.io.FileInputStream.<init>(FileInputStream.java:111)
at utils.utility.getExcelSheetData(utility.java:41)
at testFacebook.TestNG1.OpenRoomsPage(TestNG1.java:63)
at java.base/java.util.concurrent.ThreadPoolExecutor.runWorker(ThreadPoolExecutor.java:1136)
at java.base/java.util.concurrent.ThreadPoolExecutor$Worker.run(ThreadPoolExecutor.java:635)
at java.base/java.lang.Thread.run(Thread.java:833)
... Removed 14 stack frames]]>
    </failure>
  </testcase> <!-- @BeforeMethod OpenRoomsPage -->
  <testcase classname="testFacebook.TestNG1" name="@AfterClass removeObjects" time="-1.664538063317E9">
    <skipped/>
  </testcase> <!-- @AfterClass removeObjects -->
  <testcase classname="testFacebook.TestNG1" name="@AfterTest afterTest" time="-1.664538063326E9">
    <skipped/>
  </testcase> <!-- @AfterTest afterTest -->
  <testcase classname="testFacebook.TestNG1" name="Verify_ReturnToMessenger_button" time="0.0">
    <skipped/>
  </testcase> <!-- Verify_ReturnToMessenger_button -->
</testsuite> <!-- Firefox -->
